{"C:\\Users\\Marian\\Desktop\\ubb_sem_4\\mpp\\lab2\\backend\\jest.config.js": {"path":"C:\\Users\\Marian\\Desktop\\ubb_sem_4\\mpp\\lab2\\backend\\jest.config.js","statementMap":{"0":{"start":{"line":1,"column":0},"end":{"line":17,"column":2}}},"fnMap":{},"branchMap":{},"s":{"0":0},"f":{},"b":{}}
,"C:\\Users\\Marian\\Desktop\\ubb_sem_4\\mpp\\lab2\\backend\\server.js": {"path":"C:\\Users\\Marian\\Desktop\\ubb_sem_4\\mpp\\lab2\\backend\\server.js","statementMap":{"0":{"start":{"line":1,"column":0},"end":{"line":1,"column":27}},"1":{"start":{"line":2,"column":16},"end":{"line":2,"column":34}},"2":{"start":{"line":3,"column":14},"end":{"line":3,"column":30}},"3":{"start":{"line":4,"column":13},"end":{"line":4,"column":28}},"4":{"start":{"line":5,"column":35},"end":{"line":5,"column":63}},"5":{"start":{"line":7,"column":12},"end":{"line":7,"column":21}},"6":{"start":{"line":8,"column":0},"end":{"line":8,"column":16}},"7":{"start":{"line":9,"column":0},"end":{"line":9,"column":24}},"8":{"start":{"line":12,"column":27},"end":{"line":19,"column":1}},"9":{"start":{"line":13,"column":2},"end":{"line":18,"column":5}},"10":{"start":{"line":22,"column":9},"end":{"line":22,"column":29}},"11":{"start":{"line":25,"column":26},"end":{"line":33,"column":1}},"12":{"start":{"line":26,"column":2},"end":{"line":32,"column":5}},"13":{"start":{"line":27,"column":4},"end":{"line":30,"column":5}},"14":{"start":{"line":28,"column":6},"end":{"line":28,"column":56}},"15":{"start":{"line":29,"column":6},"end":{"line":29,"column":13}},"16":{"start":{"line":31,"column":4},"end":{"line":31,"column":47}},"17":{"start":{"line":36,"column":24},"end":{"line":38,"column":1}},"18":{"start":{"line":37,"column":2},"end":{"line":37,"column":18}},"19":{"start":{"line":41,"column":0},"end":{"line":43,"column":1}},"20":{"start":{"line":42,"column":2},"end":{"line":42,"column":22}},"21":{"start":{"line":46,"column":21},"end":{"line":50,"column":1}},"22":{"start":{"line":53,"column":31},"end":{"line":59,"column":1}},"23":{"start":{"line":54,"column":17},"end":{"line":54,"column":38}},"24":{"start":{"line":55,"column":2},"end":{"line":57,"column":3}},"25":{"start":{"line":56,"column":4},"end":{"line":56,"column":60}},"26":{"start":{"line":58,"column":2},"end":{"line":58,"column":9}},"27":{"start":{"line":62,"column":0},"end":{"line":97,"column":3}},"28":{"start":{"line":63,"column":14},"end":{"line":63,"column":62}},"29":{"start":{"line":64,"column":17},"end":{"line":64,"column":19}},"30":{"start":{"line":67,"column":2},"end":{"line":70,"column":3}},"31":{"start":{"line":68,"column":4},"end":{"line":68,"column":34}},"32":{"start":{"line":69,"column":4},"end":{"line":69,"column":39}},"33":{"start":{"line":71,"column":2},"end":{"line":74,"column":3}},"34":{"start":{"line":72,"column":4},"end":{"line":72,"column":66}},"35":{"start":{"line":73,"column":4},"end":{"line":73,"column":32}},"36":{"start":{"line":75,"column":2},"end":{"line":78,"column":3}},"37":{"start":{"line":76,"column":4},"end":{"line":76,"column":94}},"38":{"start":{"line":77,"column":4},"end":{"line":77,"column":40}},"39":{"start":{"line":81,"column":2},"end":{"line":87,"column":3}},"40":{"start":{"line":82,"column":27},"end":{"line":82,"column":52}},"41":{"start":{"line":83,"column":26},"end":{"line":83,"column":51}},"42":{"start":{"line":84,"column":4},"end":{"line":86,"column":5}},"43":{"start":{"line":85,"column":6},"end":{"line":85,"column":73}},"44":{"start":{"line":89,"column":2},"end":{"line":96,"column":5}},"45":{"start":{"line":90,"column":4},"end":{"line":95,"column":5}},"46":{"start":{"line":91,"column":6},"end":{"line":91,"column":25}},"47":{"start":{"line":92,"column":6},"end":{"line":92,"column":54}},"48":{"start":{"line":94,"column":6},"end":{"line":94,"column":24}},"49":{"start":{"line":100,"column":0},"end":{"line":112,"column":3}},"50":{"start":{"line":101,"column":16},"end":{"line":101,"column":77}},"51":{"start":{"line":102,"column":2},"end":{"line":111,"column":5}},"52":{"start":{"line":103,"column":4},"end":{"line":110,"column":5}},"53":{"start":{"line":104,"column":6},"end":{"line":104,"column":25}},"54":{"start":{"line":105,"column":6},"end":{"line":105,"column":54}},"55":{"start":{"line":106,"column":11},"end":{"line":110,"column":5}},"56":{"start":{"line":107,"column":6},"end":{"line":107,"column":56}},"57":{"start":{"line":109,"column":6},"end":{"line":109,"column":27}},"58":{"start":{"line":115,"column":0},"end":{"line":144,"column":3}},"59":{"start":{"line":116,"column":32},"end":{"line":116,"column":40}},"60":{"start":{"line":119,"column":2},"end":{"line":143,"column":5}},"61":{"start":{"line":120,"column":4},"end":{"line":142,"column":5}},"62":{"start":{"line":121,"column":6},"end":{"line":121,"column":25}},"63":{"start":{"line":122,"column":6},"end":{"line":122,"column":54}},"64":{"start":{"line":123,"column":11},"end":{"line":142,"column":5}},"65":{"start":{"line":124,"column":6},"end":{"line":124,"column":62}},"66":{"start":{"line":126,"column":20},"end":{"line":126,"column":76}},"67":{"start":{"line":127,"column":6},"end":{"line":141,"column":9}},"68":{"start":{"line":128,"column":8},"end":{"line":140,"column":9}},"69":{"start":{"line":129,"column":10},"end":{"line":129,"column":29}},"70":{"start":{"line":130,"column":10},"end":{"line":130,"column":58}},"71":{"start":{"line":132,"column":26},"end":{"line":138,"column":11}},"72":{"start":{"line":139,"column":10},"end":{"line":139,"column":40}},"73":{"start":{"line":147,"column":0},"end":{"line":179,"column":3}},"74":{"start":{"line":148,"column":17},"end":{"line":148,"column":27}},"75":{"start":{"line":149,"column":32},"end":{"line":149,"column":40}},"76":{"start":{"line":152,"column":2},"end":{"line":178,"column":5}},"77":{"start":{"line":153,"column":4},"end":{"line":177,"column":5}},"78":{"start":{"line":154,"column":6},"end":{"line":154,"column":25}},"79":{"start":{"line":155,"column":6},"end":{"line":155,"column":54}},"80":{"start":{"line":156,"column":11},"end":{"line":177,"column":5}},"81":{"start":{"line":157,"column":6},"end":{"line":157,"column":62}},"82":{"start":{"line":159,"column":20},"end":{"line":159,"column":81}},"83":{"start":{"line":160,"column":6},"end":{"line":176,"column":9}},"84":{"start":{"line":161,"column":8},"end":{"line":175,"column":9}},"85":{"start":{"line":162,"column":10},"end":{"line":162,"column":29}},"86":{"start":{"line":163,"column":10},"end":{"line":163,"column":58}},"87":{"start":{"line":164,"column":15},"end":{"line":175,"column":9}},"88":{"start":{"line":165,"column":10},"end":{"line":165,"column":60}},"89":{"start":{"line":167,"column":30},"end":{"line":173,"column":11}},"90":{"start":{"line":174,"column":10},"end":{"line":174,"column":32}},"91":{"start":{"line":182,"column":0},"end":{"line":194,"column":3}},"92":{"start":{"line":183,"column":16},"end":{"line":183,"column":48}},"93":{"start":{"line":184,"column":2},"end":{"line":193,"column":5}},"94":{"start":{"line":185,"column":4},"end":{"line":192,"column":5}},"95":{"start":{"line":186,"column":6},"end":{"line":186,"column":25}},"96":{"start":{"line":187,"column":6},"end":{"line":187,"column":54}},"97":{"start":{"line":188,"column":11},"end":{"line":192,"column":5}},"98":{"start":{"line":189,"column":6},"end":{"line":189,"column":56}},"99":{"start":{"line":191,"column":6},"end":{"line":191,"column":29}},"100":{"start":{"line":197,"column":0},"end":{"line":202,"column":1}},"101":{"start":{"line":198,"column":15},"end":{"line":198,"column":39}},"102":{"start":{"line":199,"column":2},"end":{"line":201,"column":5}},"103":{"start":{"line":200,"column":4},"end":{"line":200,"column":50}},"104":{"start":{"line":204,"column":0},"end":{"line":204,"column":42}}},"fnMap":{"0":{"name":"(anonymous_0)","decl":{"start":{"line":12,"column":27},"end":{"line":12,"column":28}},"loc":{"start":{"line":12,"column":33},"end":{"line":19,"column":1}},"line":12},"1":{"name":"(anonymous_1)","decl":{"start":{"line":25,"column":26},"end":{"line":25,"column":27}},"loc":{"start":{"line":25,"column":32},"end":{"line":33,"column":1}},"line":25},"2":{"name":"(anonymous_2)","decl":{"start":{"line":26,"column":13},"end":{"line":26,"column":14}},"loc":{"start":{"line":26,"column":22},"end":{"line":32,"column":3}},"line":26},"3":{"name":"(anonymous_3)","decl":{"start":{"line":36,"column":24},"end":{"line":36,"column":25}},"loc":{"start":{"line":36,"column":40},"end":{"line":38,"column":1}},"line":36},"4":{"name":"(anonymous_4)","decl":{"start":{"line":53,"column":31},"end":{"line":53,"column":32}},"loc":{"start":{"line":53,"column":51},"end":{"line":59,"column":1}},"line":53},"5":{"name":"(anonymous_5)","decl":{"start":{"line":62,"column":18},"end":{"line":62,"column":19}},"loc":{"start":{"line":62,"column":32},"end":{"line":97,"column":1}},"line":62},"6":{"name":"(anonymous_6)","decl":{"start":{"line":89,"column":26},"end":{"line":89,"column":27}},"loc":{"start":{"line":89,"column":44},"end":{"line":96,"column":3}},"line":89},"7":{"name":"(anonymous_7)","decl":{"start":{"line":100,"column":22},"end":{"line":100,"column":23}},"loc":{"start":{"line":100,"column":36},"end":{"line":112,"column":1}},"line":100},"8":{"name":"(anonymous_8)","decl":{"start":{"line":102,"column":35},"end":{"line":102,"column":36}},"loc":{"start":{"line":102,"column":53},"end":{"line":111,"column":3}},"line":102},"9":{"name":"(anonymous_9)","decl":{"start":{"line":115,"column":57},"end":{"line":115,"column":58}},"loc":{"start":{"line":115,"column":71},"end":{"line":144,"column":1}},"line":115},"10":{"name":"(anonymous_10)","decl":{"start":{"line":119,"column":60},"end":{"line":119,"column":61}},"loc":{"start":{"line":119,"column":78},"end":{"line":143,"column":3}},"line":119},"11":{"name":"(anonymous_11)","decl":{"start":{"line":127,"column":43},"end":{"line":127,"column":44}},"loc":{"start":{"line":127,"column":60},"end":{"line":141,"column":7}},"line":127},"12":{"name":"(anonymous_12)","decl":{"start":{"line":147,"column":62},"end":{"line":147,"column":63}},"loc":{"start":{"line":147,"column":76},"end":{"line":179,"column":1}},"line":147},"13":{"name":"(anonymous_13)","decl":{"start":{"line":152,"column":76},"end":{"line":152,"column":77}},"loc":{"start":{"line":152,"column":94},"end":{"line":178,"column":3}},"line":152},"14":{"name":"(anonymous_14)","decl":{"start":{"line":160,"column":47},"end":{"line":160,"column":48}},"loc":{"start":{"line":160,"column":64},"end":{"line":176,"column":7}},"line":160},"15":{"name":"(anonymous_15)","decl":{"start":{"line":182,"column":25},"end":{"line":182,"column":26}},"loc":{"start":{"line":182,"column":39},"end":{"line":194,"column":1}},"line":182},"16":{"name":"(anonymous_16)","decl":{"start":{"line":184,"column":35},"end":{"line":184,"column":36}},"loc":{"start":{"line":184,"column":52},"end":{"line":193,"column":3}},"line":184},"17":{"name":"(anonymous_17)","decl":{"start":{"line":199,"column":19},"end":{"line":199,"column":20}},"loc":{"start":{"line":199,"column":25},"end":{"line":201,"column":3}},"line":199}},"branchMap":{"0":{"loc":{"start":{"line":27,"column":4},"end":{"line":30,"column":5}},"type":"if","locations":[{"start":{"line":27,"column":4},"end":{"line":30,"column":5}},{"start":{},"end":{}}],"line":27},"1":{"loc":{"start":{"line":41,"column":0},"end":{"line":43,"column":1}},"type":"if","locations":[{"start":{"line":41,"column":0},"end":{"line":43,"column":1}},{"start":{},"end":{}}],"line":41},"2":{"loc":{"start":{"line":55,"column":2},"end":{"line":57,"column":3}},"type":"if","locations":[{"start":{"line":55,"column":2},"end":{"line":57,"column":3}},{"start":{},"end":{}}],"line":55},"3":{"loc":{"start":{"line":67,"column":2},"end":{"line":70,"column":3}},"type":"if","locations":[{"start":{"line":67,"column":2},"end":{"line":70,"column":3}},{"start":{},"end":{}}],"line":67},"4":{"loc":{"start":{"line":71,"column":2},"end":{"line":74,"column":3}},"type":"if","locations":[{"start":{"line":71,"column":2},"end":{"line":74,"column":3}},{"start":{},"end":{}}],"line":71},"5":{"loc":{"start":{"line":72,"column":13},"end":{"line":72,"column":65}},"type":"cond-expr","locations":[{"start":{"line":72,"column":30},"end":{"line":72,"column":45}},{"start":{"line":72,"column":48},"end":{"line":72,"column":65}}],"line":72},"6":{"loc":{"start":{"line":75,"column":2},"end":{"line":78,"column":3}},"type":"if","locations":[{"start":{"line":75,"column":2},"end":{"line":78,"column":3}},{"start":{},"end":{}}],"line":75},"7":{"loc":{"start":{"line":76,"column":13},"end":{"line":76,"column":93}},"type":"cond-expr","locations":[{"start":{"line":76,"column":50},"end":{"line":76,"column":69}},{"start":{"line":76,"column":72},"end":{"line":76,"column":93}}],"line":76},"8":{"loc":{"start":{"line":76,"column":14},"end":{"line":76,"column":46}},"type":"binary-expr","locations":[{"start":{"line":76,"column":14},"end":{"line":76,"column":28}},{"start":{"line":76,"column":32},"end":{"line":76,"column":46}}],"line":76},"9":{"loc":{"start":{"line":81,"column":2},"end":{"line":87,"column":3}},"type":"if","locations":[{"start":{"line":81,"column":2},"end":{"line":87,"column":3}},{"start":{},"end":{}}],"line":81},"10":{"loc":{"start":{"line":84,"column":4},"end":{"line":86,"column":5}},"type":"if","locations":[{"start":{"line":84,"column":4},"end":{"line":86,"column":5}},{"start":{},"end":{}}],"line":84},"11":{"loc":{"start":{"line":85,"column":37},"end":{"line":85,"column":70}},"type":"cond-expr","locations":[{"start":{"line":85,"column":56},"end":{"line":85,"column":62}},{"start":{"line":85,"column":65},"end":{"line":85,"column":70}}],"line":85},"12":{"loc":{"start":{"line":90,"column":4},"end":{"line":95,"column":5}},"type":"if","locations":[{"start":{"line":90,"column":4},"end":{"line":95,"column":5}},{"start":{"line":93,"column":11},"end":{"line":95,"column":5}}],"line":90},"13":{"loc":{"start":{"line":103,"column":4},"end":{"line":110,"column":5}},"type":"if","locations":[{"start":{"line":103,"column":4},"end":{"line":110,"column":5}},{"start":{"line":106,"column":11},"end":{"line":110,"column":5}}],"line":103},"14":{"loc":{"start":{"line":106,"column":11},"end":{"line":110,"column":5}},"type":"if","locations":[{"start":{"line":106,"column":11},"end":{"line":110,"column":5}},{"start":{"line":108,"column":11},"end":{"line":110,"column":5}}],"line":106},"15":{"loc":{"start":{"line":120,"column":4},"end":{"line":142,"column":5}},"type":"if","locations":[{"start":{"line":120,"column":4},"end":{"line":142,"column":5}},{"start":{"line":123,"column":11},"end":{"line":142,"column":5}}],"line":120},"16":{"loc":{"start":{"line":123,"column":11},"end":{"line":142,"column":5}},"type":"if","locations":[{"start":{"line":123,"column":11},"end":{"line":142,"column":5}},{"start":{"line":125,"column":11},"end":{"line":142,"column":5}}],"line":123},"17":{"loc":{"start":{"line":128,"column":8},"end":{"line":140,"column":9}},"type":"if","locations":[{"start":{"line":128,"column":8},"end":{"line":140,"column":9}},{"start":{"line":131,"column":15},"end":{"line":140,"column":9}}],"line":128},"18":{"loc":{"start":{"line":153,"column":4},"end":{"line":177,"column":5}},"type":"if","locations":[{"start":{"line":153,"column":4},"end":{"line":177,"column":5}},{"start":{"line":156,"column":11},"end":{"line":177,"column":5}}],"line":153},"19":{"loc":{"start":{"line":156,"column":11},"end":{"line":177,"column":5}},"type":"if","locations":[{"start":{"line":156,"column":11},"end":{"line":177,"column":5}},{"start":{"line":158,"column":11},"end":{"line":177,"column":5}}],"line":156},"20":{"loc":{"start":{"line":161,"column":8},"end":{"line":175,"column":9}},"type":"if","locations":[{"start":{"line":161,"column":8},"end":{"line":175,"column":9}},{"start":{"line":164,"column":15},"end":{"line":175,"column":9}}],"line":161},"21":{"loc":{"start":{"line":164,"column":15},"end":{"line":175,"column":9}},"type":"if","locations":[{"start":{"line":164,"column":15},"end":{"line":175,"column":9}},{"start":{"line":166,"column":15},"end":{"line":175,"column":9}}],"line":164},"22":{"loc":{"start":{"line":185,"column":4},"end":{"line":192,"column":5}},"type":"if","locations":[{"start":{"line":185,"column":4},"end":{"line":192,"column":5}},{"start":{"line":188,"column":11},"end":{"line":192,"column":5}}],"line":185},"23":{"loc":{"start":{"line":188,"column":11},"end":{"line":192,"column":5}},"type":"if","locations":[{"start":{"line":188,"column":11},"end":{"line":192,"column":5}},{"start":{"line":190,"column":11},"end":{"line":192,"column":5}}],"line":188},"24":{"loc":{"start":{"line":197,"column":0},"end":{"line":202,"column":1}},"type":"if","locations":[{"start":{"line":197,"column":0},"end":{"line":202,"column":1}},{"start":{},"end":{}}],"line":197},"25":{"loc":{"start":{"line":198,"column":15},"end":{"line":198,"column":39}},"type":"binary-expr","locations":[{"start":{"line":198,"column":15},"end":{"line":198,"column":31}},{"start":{"line":198,"column":35},"end":{"line":198,"column":39}}],"line":198}},"s":{"0":2,"1":2,"2":2,"3":2,"4":2,"5":2,"6":2,"7":2,"8":2,"9":2,"10":2,"11":2,"12":1,"13":1,"14":1,"15":1,"16":0,"17":2,"18":24,"19":2,"20":1,"21":2,"22":2,"23":10,"24":10,"25":2,"26":8,"27":2,"28":7,"29":7,"30":7,"31":1,"32":1,"33":7,"34":1,"35":1,"36":7,"37":1,"38":1,"39":7,"40":2,"41":2,"42":2,"43":1,"44":7,"45":7,"46":1,"47":1,"48":6,"49":2,"50":3,"51":3,"52":3,"53":1,"54":1,"55":2,"56":1,"57":1,"58":2,"59":4,"60":4,"61":4,"62":1,"63":1,"64":3,"65":1,"66":2,"67":2,"68":2,"69":1,"70":1,"71":1,"72":1,"73":2,"74":4,"75":4,"76":4,"77":4,"78":1,"79":1,"80":3,"81":0,"82":3,"83":3,"84":3,"85":1,"86":1,"87":2,"88":1,"89":1,"90":1,"91":2,"92":3,"93":3,"94":3,"95":1,"96":1,"97":2,"98":1,"99":1,"100":2,"101":0,"102":0,"103":0,"104":2},"f":{"0":2,"1":1,"2":1,"3":24,"4":10,"5":7,"6":7,"7":3,"8":3,"9":4,"10":4,"11":2,"12":4,"13":4,"14":3,"15":3,"16":3,"17":0},"b":{"0":[1,0],"1":[1,1],"2":[2,8],"3":[1,6],"4":[1,6],"5":[0,1],"6":[1,6],"7":[0,1],"8":[1,1],"9":[2,5],"10":[1,1],"11":[0,1],"12":[1,6],"13":[1,2],"14":[1,1],"15":[1,3],"16":[1,2],"17":[1,1],"18":[1,3],"19":[0,3],"20":[1,2],"21":[1,1],"22":[1,2],"23":[1,1],"24":[0,2],"25":[0,0]},"_coverageSchema":"1a1c01bbd47fc00a2c39e90264f33305004495a9","hash":"1e95c85e76199ead514cb4669b188efbcb1b016f"}
}
