TN:
SF:jest.config.js
FNF:0
FNH:0
DA:1,0
LF:1
LH:0
BRF:0
BRH:0
end_of_record
TN:
SF:server.js
FN:12,(anonymous_0)
FN:25,(anonymous_1)
FN:26,(anonymous_2)
FN:36,(anonymous_3)
FN:53,(anonymous_4)
FN:62,(anonymous_5)
FN:89,(anonymous_6)
FN:100,(anonymous_7)
FN:102,(anonymous_8)
FN:115,(anonymous_9)
FN:119,(anonymous_10)
FN:127,(anonymous_11)
FN:147,(anonymous_12)
FN:152,(anonymous_13)
FN:160,(anonymous_14)
FN:182,(anonymous_15)
FN:184,(anonymous_16)
FN:199,(anonymous_17)
FNF:18
FNH:17
FNDA:2,(anonymous_0)
FNDA:1,(anonymous_1)
FNDA:1,(anonymous_2)
FNDA:24,(anonymous_3)
FNDA:10,(anonymous_4)
FNDA:7,(anonymous_5)
FNDA:7,(anonymous_6)
FNDA:3,(anonymous_7)
FNDA:3,(anonymous_8)
FNDA:4,(anonymous_9)
FNDA:4,(anonymous_10)
FNDA:2,(anonymous_11)
FNDA:4,(anonymous_12)
FNDA:4,(anonymous_13)
FNDA:3,(anonymous_14)
FNDA:3,(anonymous_15)
FNDA:3,(anonymous_16)
FNDA:0,(anonymous_17)
DA:1,2
DA:2,2
DA:3,2
DA:4,2
DA:5,2
DA:7,2
DA:8,2
DA:9,2
DA:12,2
DA:13,2
DA:22,2
DA:25,2
DA:26,1
DA:27,1
DA:28,1
DA:29,1
DA:31,0
DA:36,2
DA:37,24
DA:41,2
DA:42,1
DA:46,2
DA:53,2
DA:54,10
DA:55,10
DA:56,2
DA:58,8
DA:62,2
DA:63,7
DA:64,7
DA:67,7
DA:68,1
DA:69,1
DA:71,7
DA:72,1
DA:73,1
DA:75,7
DA:76,1
DA:77,1
DA:81,7
DA:82,2
DA:83,2
DA:84,2
DA:85,1
DA:89,7
DA:90,7
DA:91,1
DA:92,1
DA:94,6
DA:100,2
DA:101,3
DA:102,3
DA:103,3
DA:104,1
DA:105,1
DA:106,2
DA:107,1
DA:109,1
DA:115,2
DA:116,4
DA:119,4
DA:120,4
DA:121,1
DA:122,1
DA:123,3
DA:124,1
DA:126,2
DA:127,2
DA:128,2
DA:129,1
DA:130,1
DA:132,1
DA:139,1
DA:147,2
DA:148,4
DA:149,4
DA:152,4
DA:153,4
DA:154,1
DA:155,1
DA:156,3
DA:157,0
DA:159,3
DA:160,3
DA:161,3
DA:162,1
DA:163,1
DA:164,2
DA:165,1
DA:167,1
DA:174,1
DA:182,2
DA:183,3
DA:184,3
DA:185,3
DA:186,1
DA:187,1
DA:188,2
DA:189,1
DA:191,1
DA:197,2
DA:198,0
DA:199,0
DA:200,0
DA:204,2
LF:105
LH:100
BRDA:27,0,0,1
BRDA:27,0,1,0
BRDA:41,1,0,1
BRDA:41,1,1,1
BRDA:55,2,0,2
BRDA:55,2,1,8
BRDA:67,3,0,1
BRDA:67,3,1,6
BRDA:71,4,0,1
BRDA:71,4,1,6
BRDA:72,5,0,0
BRDA:72,5,1,1
BRDA:75,6,0,1
BRDA:75,6,1,6
BRDA:76,7,0,0
BRDA:76,7,1,1
BRDA:76,8,0,1
BRDA:76,8,1,1
BRDA:81,9,0,2
BRDA:81,9,1,5
BRDA:84,10,0,1
BRDA:84,10,1,1
BRDA:85,11,0,0
BRDA:85,11,1,1
BRDA:90,12,0,1
BRDA:90,12,1,6
BRDA:103,13,0,1
BRDA:103,13,1,2
BRDA:106,14,0,1
BRDA:106,14,1,1
BRDA:120,15,0,1
BRDA:120,15,1,3
BRDA:123,16,0,1
BRDA:123,16,1,2
BRDA:128,17,0,1
BRDA:128,17,1,1
BRDA:153,18,0,1
BRDA:153,18,1,3
BRDA:156,19,0,0
BRDA:156,19,1,3
BRDA:161,20,0,1
BRDA:161,20,1,2
BRDA:164,21,0,1
BRDA:164,21,1,1
BRDA:185,22,0,1
BRDA:185,22,1,2
BRDA:188,23,0,1
BRDA:188,23,1,1
BRDA:197,24,0,0
BRDA:197,24,1,2
BRDA:198,25,0,0
BRDA:198,25,1,0
BRF:52
BRH:44
end_of_record
